[debug] [2022-05-23T12:41:08.016Z] ----------------------------------------------------------------------
[debug] [2022-05-23T12:41:08.017Z] Command:       /usr/local/bin/firebase /Users/amitdebnath/.cache/firebase/tools/lib/node_modules/firebase-tools/lib/bin/firebase init
[debug] [2022-05-23T12:41:08.017Z] CLI Version:   10.7.1
[debug] [2022-05-23T12:41:08.017Z] Platform:      darwin
[debug] [2022-05-23T12:41:08.018Z] Node Version:  v12.18.1
[debug] [2022-05-23T12:41:08.020Z] Time:          Mon May 23 2022 18:41:08 GMT+0600 (Bangladesh Standard Time)
[debug] [2022-05-23T12:41:08.020Z] ----------------------------------------------------------------------
[debug] 
[debug] [2022-05-23T12:41:08.029Z] > command requires scopes: ["email","openid","https://www.googleapis.com/auth/cloudplatformprojects.readonly","https://www.googleapis.com/auth/firebase","https://www.googleapis.com/auth/cloud-platform"]
[debug] [2022-05-23T12:41:08.029Z] > authorizing via signed-in user (amitd701@gmail.com)
[info] 
     ######## #### ########  ######## ########     ###     ######  ########
     ##        ##  ##     ## ##       ##     ##  ##   ##  ##       ##
     ######    ##  ########  ######   ########  #########  ######  ######
     ##        ##  ##    ##  ##       ##     ## ##     ##       ## ##
     ##       #### ##     ## ######## ########  ##     ##  ######  ########

You're about to initialize a Firebase project in this directory:

  /Users/amitdebnath/Documents/project Files/Fullstack/warehouse-management-client-side

[debug] [2022-05-23T12:41:15.721Z] Error: write EIO
    at afterWriteDispatched (internal/stream_base_commons.js:154:25)
    at writeGeneric (internal/stream_base_commons.js:145:3)
    at WriteStream.Socket._writeGeneric (net.js:786:11)
    at WriteStream.Socket._write (net.js:798:8)
    at doWrite (_stream_writable.js:403:12)
    at writeOrBuffer (_stream_writable.js:387:5)
    at WriteStream.Writable.write (_stream_writable.js:318:11)
    at EventEmitter.signalExit.alwaysLast (/Users/amitdebnath/.cache/firebase/tools/lib/node_modules/firebase-tools/node_modules/restore-cursor/index.js:7:18)
    at EventEmitter.emit (events.js:315:20)
    at EventEmitter.emit (domain.js:482:12)
    at emit (/Users/amitdebnath/.cache/firebase/tools/lib/node_modules/firebase-tools/node_modules/signal-exit/index.js:77:11)
    at process.listener (/Users/amitdebnath/.cache/firebase/tools/lib/node_modules/firebase-tools/node_modules/signal-exit/index.js:93:7)
    at process.emit (events.js:315:20)
